<?xml version="1.0" encoding="UTF-8"?>
<!-- Generated by org.testng.reporters.JUnitXMLReporter -->
<testsuite hostname="DESKTOP-EMPI315" ignored="0" name="TwitterAPITest" tests="6" failures="0" timestamp="03 Jul 2020 10:43:56 GMT" time="4.386" errors="0">
  <testcase name="createTweet" time="1.864" classname="com.twitterapi.functionality.CreateTweetTest"/>
  <testcase name="getLatestTweets" time="0.625" classname="com.twitterapi.functionality.LatestTweetsTest"/>
  <testcase name="reTweet" time="0.327" classname="com.twitterapi.functionality.ReTweetTest"/>
  <testcase name="getTrendsByLoc" time="0.374" classname="com.twitterapi.functionality.TrendsByLocationTest"/>
  <testcase name="sendDirectMessage" time="0.384" classname="com.twitterapi.functionality.SendDirectMessageTest"/>
  <testcase name="getFollowersList" time="0.426" classname="com.twitterapi.functionality.FriendListTest"/>
</testsuite> <!-- TwitterAPITest -->
